<?xml version="1.0" encoding="UTF-8"?>
<TestRun id="b01fbbd6-b12c-478c-b4c0-0d81da1f5352" name="Yannick@QUADVERTEX 2011-05-23 00:11:10" runUser="QuadVertex\Yannick" xmlns="http://microsoft.com/schemas/VisualStudio/TeamTest/2010">
  <TestSettings name="Local" id="cdd1f0be-8b79-4576-88db-88bf0584423b">
    <Description>These are default test settings for a local test run.</Description>
    <Deployment enabled="false" runDeploymentRoot="Yannick_QUADVERTEX 2011-05-23 00_11_10">
      <DeploymentItem filename="C:\Program Files (x86)\TechTalk\SpecFlow\TechTalk.SpecFlow.dll" />
      <DeploymentItem filename="C:\Code\github\CQRS.InvoiceTracker\packages\WatiN.2.1.0\lib\net40\WatiN.Core.dll" />
      <DeploymentItem filename="C:\Code\github\CQRS.InvoiceTracker\CQRS.InvoiceTracker.Web\bin\CQRS.InvoiceTracker.Web.dll" />
      <DeploymentItem filename="C:\Code\github\CQRS.InvoiceTracker\CQRS.InvoiceTracker.FeatureHelpers\bin\Debug\CQRS.InvoiceTracker.FeatureHelpers.dll" />
    </Deployment>
    <Execution>
      <TestTypeSpecific />
      <AgentRule name="Execution Agents">
      </AgentRule>
    </Execution>
  </TestSettings>
  <Times creation="2011-05-23T00:11:10.2404334+02:00" queuing="2011-05-23T00:11:11.3484967+02:00" start="2011-05-23T00:11:11.5005054+02:00" finish="2011-05-23T00:11:26.1943459+02:00" />
  <ResultSummary outcome="Error">
    <Counters total="4" executed="1" error="0" failed="0" timeout="0" aborted="1" inconclusive="0" passedButRunAborted="0" notRunnable="0" notExecuted="3" disconnected="0" warning="0" passed="0" completed="0" inProgress="0" pending="0" />
    <RunInfos>
      <RunInfo computerName="QUADVERTEX" outcome="Error" timestamp="2011-05-23T00:11:26.1923458+02:00">
        <Text>Test host process exited unexpectedly.</Text>
      </RunInfo>
    </RunInfos>
  </ResultSummary>
  <TestDefinitions>
    <UnitTest name="LoginOnWithTheNewlyCreatedAccount" storage="c:\code\github\cqrs.invoicetracker\cqrs.invoicetracker.features\bin\debug\cqrs.invoicetracker.features.dll" id="c941db2b-6719-08cb-0cd3-b81804146f73">
      <Description>Login On with the newly created account</Description>
      <Execution id="545c6b21-a445-40d9-a2f0-178484e43b80" />
      <Properties>
        <Property>
          <Key>FeatureTitle</Key>
          <Value>Account Management</Value>
        </Property>
      </Properties>
      <TestMethod codeBase="C:/Code/github/CQRS.InvoiceTracker/CQRS.InvoiceTracker.Features/bin/Debug/CQRS.InvoiceTracker.Features.DLL" adapterTypeName="Microsoft.VisualStudio.TestTools.TestTypes.Unit.UnitTestAdapter, Microsoft.VisualStudio.QualityTools.Tips.UnitTest.Adapter, Version=10.0.0.0, Culture=neutral, PublicKeyToken=b03f5f7f11d50a3a" className="CQRS.InvoiceTracker.Features.AccountManagementFeature, CQRS.InvoiceTracker.Features, Version=1.0.0.0, Culture=neutral, PublicKeyToken=null" name="LoginOnWithTheNewlyCreatedAccount" />
    </UnitTest>
    <UnitTest name="GoingToTheRegisterPage" storage="c:\code\github\cqrs.invoicetracker\cqrs.invoicetracker.features\bin\debug\cqrs.invoicetracker.features.dll" id="8077ee3c-3418-d53e-2e46-3b3e18283b7d">
      <Description>Going to the "Register" page</Description>
      <Execution id="198748ef-7b46-4e18-af4a-6ae583628b07" />
      <Properties>
        <Property>
          <Key>FeatureTitle</Key>
          <Value>Account Management</Value>
        </Property>
      </Properties>
      <TestMethod codeBase="C:/Code/github/CQRS.InvoiceTracker/CQRS.InvoiceTracker.Features/bin/Debug/CQRS.InvoiceTracker.Features.DLL" adapterTypeName="Microsoft.VisualStudio.TestTools.TestTypes.Unit.UnitTestAdapter, Microsoft.VisualStudio.QualityTools.Tips.UnitTest.Adapter, Version=10.0.0.0, Culture=neutral, PublicKeyToken=b03f5f7f11d50a3a" className="CQRS.InvoiceTracker.Features.AccountManagementFeature, CQRS.InvoiceTracker.Features, Version=1.0.0.0, Culture=neutral, PublicKeyToken=null" name="GoingToTheRegisterPage" />
    </UnitTest>
    <UnitTest name="CreatingAnAccount" storage="c:\code\github\cqrs.invoicetracker\cqrs.invoicetracker.features\bin\debug\cqrs.invoicetracker.features.dll" id="4225542c-1a3b-0977-0d8c-728f858161c1">
      <Description>Creating an account</Description>
      <Execution id="4d22a5b0-96ab-4cd5-931a-a75c6d64a818" />
      <Properties>
        <Property>
          <Key>FeatureTitle</Key>
          <Value>Account Management</Value>
        </Property>
      </Properties>
      <TestMethod codeBase="C:/Code/github/CQRS.InvoiceTracker/CQRS.InvoiceTracker.Features/bin/Debug/CQRS.InvoiceTracker.Features.DLL" adapterTypeName="Microsoft.VisualStudio.TestTools.TestTypes.Unit.UnitTestAdapter, Microsoft.VisualStudio.QualityTools.Tips.UnitTest.Adapter, Version=10.0.0.0, Culture=neutral, PublicKeyToken=b03f5f7f11d50a3a" className="CQRS.InvoiceTracker.Features.AccountManagementFeature, CQRS.InvoiceTracker.Features, Version=1.0.0.0, Culture=neutral, PublicKeyToken=null" name="CreatingAnAccount" />
    </UnitTest>
    <UnitTest name="GoingToTheLogOnPage" storage="c:\code\github\cqrs.invoicetracker\cqrs.invoicetracker.features\bin\debug\cqrs.invoicetracker.features.dll" id="fdd8b786-e79e-647b-dd2a-c50c0f1d18c4">
      <Description>Going to the "LogOn" page</Description>
      <Execution id="82d7f921-9b9a-41ff-97dc-91adf01ba8dc" />
      <Properties>
        <Property>
          <Key>FeatureTitle</Key>
          <Value>Account Management</Value>
        </Property>
      </Properties>
      <TestMethod codeBase="C:/Code/github/CQRS.InvoiceTracker/CQRS.InvoiceTracker.Features/bin/Debug/CQRS.InvoiceTracker.Features.DLL" adapterTypeName="Microsoft.VisualStudio.TestTools.TestTypes.Unit.UnitTestAdapter, Microsoft.VisualStudio.QualityTools.Tips.UnitTest.Adapter, Version=10.0.0.0, Culture=neutral, PublicKeyToken=b03f5f7f11d50a3a" className="CQRS.InvoiceTracker.Features.AccountManagementFeature, CQRS.InvoiceTracker.Features, Version=1.0.0.0, Culture=neutral, PublicKeyToken=null" name="GoingToTheLogOnPage" />
    </UnitTest>
  </TestDefinitions>
  <TestLists>
    <TestList name="Results Not in a List" id="8c84fa94-04c1-424b-9868-57a2d4851a1d" />
    <TestList name="All Loaded Results" id="19431567-8539-422a-85d7-44ee4e166bda" />
  </TestLists>
  <TestEntries>
    <TestEntry testId="4225542c-1a3b-0977-0d8c-728f858161c1" executionId="4d22a5b0-96ab-4cd5-931a-a75c6d64a818" testListId="8c84fa94-04c1-424b-9868-57a2d4851a1d" />
    <TestEntry testId="8077ee3c-3418-d53e-2e46-3b3e18283b7d" executionId="198748ef-7b46-4e18-af4a-6ae583628b07" testListId="8c84fa94-04c1-424b-9868-57a2d4851a1d" />
    <TestEntry testId="c941db2b-6719-08cb-0cd3-b81804146f73" executionId="545c6b21-a445-40d9-a2f0-178484e43b80" testListId="8c84fa94-04c1-424b-9868-57a2d4851a1d" />
    <TestEntry testId="fdd8b786-e79e-647b-dd2a-c50c0f1d18c4" executionId="82d7f921-9b9a-41ff-97dc-91adf01ba8dc" testListId="8c84fa94-04c1-424b-9868-57a2d4851a1d" />
  </TestEntries>
  <Results>
    <UnitTestResult executionId="4d22a5b0-96ab-4cd5-931a-a75c6d64a818" testId="4225542c-1a3b-0977-0d8c-728f858161c1" testName="CreatingAnAccount" computerName="QUADVERTEX" duration="00:00:14.5598328" startTime="2011-05-23T00:11:11.6335130+02:00" endTime="2011-05-23T00:11:26.1933458+02:00" testType="13cdc9d9-ddb5-4fa4-a97d-d965ccfc6d4b" outcome="Aborted" testListId="8c84fa94-04c1-424b-9868-57a2d4851a1d" relativeResultsDirectory="4d22a5b0-96ab-4cd5-931a-a75c6d64a818">
    </UnitTestResult>
    <UnitTestResult executionId="198748ef-7b46-4e18-af4a-6ae583628b07" testId="8077ee3c-3418-d53e-2e46-3b3e18283b7d" testName="GoingToTheRegisterPage" computerName="QUADVERTEX" testType="13cdc9d9-ddb5-4fa4-a97d-d965ccfc6d4b" outcome="NotExecuted" testListId="8c84fa94-04c1-424b-9868-57a2d4851a1d" relativeResultsDirectory="198748ef-7b46-4e18-af4a-6ae583628b07">
    </UnitTestResult>
    <UnitTestResult executionId="545c6b21-a445-40d9-a2f0-178484e43b80" testId="c941db2b-6719-08cb-0cd3-b81804146f73" testName="LoginOnWithTheNewlyCreatedAccount" computerName="QUADVERTEX" testType="13cdc9d9-ddb5-4fa4-a97d-d965ccfc6d4b" outcome="NotExecuted" testListId="8c84fa94-04c1-424b-9868-57a2d4851a1d" relativeResultsDirectory="545c6b21-a445-40d9-a2f0-178484e43b80">
    </UnitTestResult>
    <UnitTestResult executionId="82d7f921-9b9a-41ff-97dc-91adf01ba8dc" testId="fdd8b786-e79e-647b-dd2a-c50c0f1d18c4" testName="GoingToTheLogOnPage" computerName="QUADVERTEX" testType="13cdc9d9-ddb5-4fa4-a97d-d965ccfc6d4b" outcome="NotExecuted" testListId="8c84fa94-04c1-424b-9868-57a2d4851a1d" relativeResultsDirectory="82d7f921-9b9a-41ff-97dc-91adf01ba8dc">
    </UnitTestResult>
  </Results>
</TestRun>