<?xml version="1.0" encoding="UTF-8"?>
<TestRun id="24d89899-9239-4692-9316-286afd959b31" name="Yannick@QUADVERTEX 2011-05-23 00:17:24" runUser="QuadVertex\Yannick" xmlns="http://microsoft.com/schemas/VisualStudio/TeamTest/2010">
  <TestSettings name="Local" id="cdd1f0be-8b79-4576-88db-88bf0584423b">
    <Description>These are default test settings for a local test run.</Description>
    <Deployment enabled="false" runDeploymentRoot="Yannick_QUADVERTEX 2011-05-23 00_17_24">
      <DeploymentItem filename="C:\Program Files (x86)\TechTalk\SpecFlow\TechTalk.SpecFlow.dll" />
      <DeploymentItem filename="C:\Code\github\CQRS.InvoiceTracker\packages\WatiN.2.1.0\lib\net40\WatiN.Core.dll" />
      <DeploymentItem filename="C:\Code\github\CQRS.InvoiceTracker\CQRS.InvoiceTracker.Web\bin\CQRS.InvoiceTracker.Web.dll" />
      <DeploymentItem filename="C:\Code\github\CQRS.InvoiceTracker\CQRS.InvoiceTracker.FeatureHelpers\bin\Debug\CQRS.InvoiceTracker.FeatureHelpers.dll" />
    </Deployment>
    <Execution>
      <TestTypeSpecific />
      <AgentRule name="Execution Agents">
      </AgentRule>
    </Execution>
  </TestSettings>
  <Times creation="2011-05-23T00:17:24.9828674+02:00" queuing="2011-05-23T00:17:25.0228697+02:00" start="2011-05-23T00:17:25.0288700+02:00" finish="2011-05-23T00:17:34.7224245+02:00" />
  <ResultSummary outcome="Failed">
    <Counters total="4" executed="4" passed="2" error="0" failed="2" timeout="0" aborted="0" inconclusive="0" passedButRunAborted="0" notRunnable="0" notExecuted="0" disconnected="0" warning="0" completed="0" inProgress="0" pending="0" />
  </ResultSummary>
  <TestDefinitions>
    <UnitTest name="LoginOnWithTheNewlyCreatedAccount" storage="c:\code\github\cqrs.invoicetracker\cqrs.invoicetracker.features\bin\debug\cqrs.invoicetracker.features.dll" id="c941db2b-6719-08cb-0cd3-b81804146f73">
      <Description>Login On with the newly created account</Description>
      <Execution id="91a79bfc-e449-47d6-b1a2-bc867073c5e4" />
      <Properties>
        <Property>
          <Key>FeatureTitle</Key>
          <Value>Account Management</Value>
        </Property>
      </Properties>
      <TestMethod codeBase="C:/Code/github/CQRS.InvoiceTracker/CQRS.InvoiceTracker.Features/bin/Debug/CQRS.InvoiceTracker.Features.DLL" adapterTypeName="Microsoft.VisualStudio.TestTools.TestTypes.Unit.UnitTestAdapter, Microsoft.VisualStudio.QualityTools.Tips.UnitTest.Adapter, Version=10.0.0.0, Culture=neutral, PublicKeyToken=b03f5f7f11d50a3a" className="CQRS.InvoiceTracker.Features.AccountManagementFeature, CQRS.InvoiceTracker.Features, Version=1.0.0.0, Culture=neutral, PublicKeyToken=null" name="LoginOnWithTheNewlyCreatedAccount" />
    </UnitTest>
    <UnitTest name="GoingToTheRegisterPage" storage="c:\code\github\cqrs.invoicetracker\cqrs.invoicetracker.features\bin\debug\cqrs.invoicetracker.features.dll" id="8077ee3c-3418-d53e-2e46-3b3e18283b7d">
      <Description>Going to the "Register" page</Description>
      <Execution id="f1400b57-3cb7-4779-8b31-f4ea9eeb5614" />
      <Properties>
        <Property>
          <Key>FeatureTitle</Key>
          <Value>Account Management</Value>
        </Property>
      </Properties>
      <TestMethod codeBase="C:/Code/github/CQRS.InvoiceTracker/CQRS.InvoiceTracker.Features/bin/Debug/CQRS.InvoiceTracker.Features.DLL" adapterTypeName="Microsoft.VisualStudio.TestTools.TestTypes.Unit.UnitTestAdapter, Microsoft.VisualStudio.QualityTools.Tips.UnitTest.Adapter, Version=10.0.0.0, Culture=neutral, PublicKeyToken=b03f5f7f11d50a3a" className="CQRS.InvoiceTracker.Features.AccountManagementFeature, CQRS.InvoiceTracker.Features, Version=1.0.0.0, Culture=neutral, PublicKeyToken=null" name="GoingToTheRegisterPage" />
    </UnitTest>
    <UnitTest name="CreatingAnAccount" storage="c:\code\github\cqrs.invoicetracker\cqrs.invoicetracker.features\bin\debug\cqrs.invoicetracker.features.dll" id="4225542c-1a3b-0977-0d8c-728f858161c1">
      <Description>Creating an account</Description>
      <Execution id="7ccd8920-9bfd-4772-965d-94ae834ba013" />
      <Properties>
        <Property>
          <Key>FeatureTitle</Key>
          <Value>Account Management</Value>
        </Property>
      </Properties>
      <TestMethod codeBase="C:/Code/github/CQRS.InvoiceTracker/CQRS.InvoiceTracker.Features/bin/Debug/CQRS.InvoiceTracker.Features.DLL" adapterTypeName="Microsoft.VisualStudio.TestTools.TestTypes.Unit.UnitTestAdapter, Microsoft.VisualStudio.QualityTools.Tips.UnitTest.Adapter, Version=10.0.0.0, Culture=neutral, PublicKeyToken=b03f5f7f11d50a3a" className="CQRS.InvoiceTracker.Features.AccountManagementFeature, CQRS.InvoiceTracker.Features, Version=1.0.0.0, Culture=neutral, PublicKeyToken=null" name="CreatingAnAccount" />
    </UnitTest>
    <UnitTest name="GoingToTheLogOnPage" storage="c:\code\github\cqrs.invoicetracker\cqrs.invoicetracker.features\bin\debug\cqrs.invoicetracker.features.dll" id="fdd8b786-e79e-647b-dd2a-c50c0f1d18c4">
      <Description>Going to the "LogOn" page</Description>
      <Execution id="28ff182c-e091-40d2-98c0-ab08e2918e99" />
      <Properties>
        <Property>
          <Key>FeatureTitle</Key>
          <Value>Account Management</Value>
        </Property>
      </Properties>
      <TestMethod codeBase="C:/Code/github/CQRS.InvoiceTracker/CQRS.InvoiceTracker.Features/bin/Debug/CQRS.InvoiceTracker.Features.DLL" adapterTypeName="Microsoft.VisualStudio.TestTools.TestTypes.Unit.UnitTestAdapter, Microsoft.VisualStudio.QualityTools.Tips.UnitTest.Adapter, Version=10.0.0.0, Culture=neutral, PublicKeyToken=b03f5f7f11d50a3a" className="CQRS.InvoiceTracker.Features.AccountManagementFeature, CQRS.InvoiceTracker.Features, Version=1.0.0.0, Culture=neutral, PublicKeyToken=null" name="GoingToTheLogOnPage" />
    </UnitTest>
  </TestDefinitions>
  <TestLists>
    <TestList name="Results Not in a List" id="8c84fa94-04c1-424b-9868-57a2d4851a1d" />
    <TestList name="All Loaded Results" id="19431567-8539-422a-85d7-44ee4e166bda" />
  </TestLists>
  <TestEntries>
    <TestEntry testId="4225542c-1a3b-0977-0d8c-728f858161c1" executionId="7ccd8920-9bfd-4772-965d-94ae834ba013" testListId="8c84fa94-04c1-424b-9868-57a2d4851a1d" />
    <TestEntry testId="8077ee3c-3418-d53e-2e46-3b3e18283b7d" executionId="f1400b57-3cb7-4779-8b31-f4ea9eeb5614" testListId="8c84fa94-04c1-424b-9868-57a2d4851a1d" />
    <TestEntry testId="c941db2b-6719-08cb-0cd3-b81804146f73" executionId="91a79bfc-e449-47d6-b1a2-bc867073c5e4" testListId="8c84fa94-04c1-424b-9868-57a2d4851a1d" />
    <TestEntry testId="fdd8b786-e79e-647b-dd2a-c50c0f1d18c4" executionId="28ff182c-e091-40d2-98c0-ab08e2918e99" testListId="8c84fa94-04c1-424b-9868-57a2d4851a1d" />
  </TestEntries>
  <Results>
    <UnitTestResult executionId="7ccd8920-9bfd-4772-965d-94ae834ba013" testId="4225542c-1a3b-0977-0d8c-728f858161c1" testName="CreatingAnAccount" computerName="QUADVERTEX" duration="00:00:02.1544650" startTime="2011-05-23T00:17:25.0298701+02:00" endTime="2011-05-23T00:17:27.3760043+02:00" testType="13cdc9d9-ddb5-4fa4-a97d-d965ccfc6d4b" outcome="Passed" testListId="8c84fa94-04c1-424b-9868-57a2d4851a1d" relativeResultsDirectory="7ccd8920-9bfd-4772-965d-94ae834ba013">
      <Output>
        <StdOut>Given I am on the "/" page
-&gt; done: AccountSteps.Given_IAmOnThePage("/") (0,1s)
When I click the "Register" link
-&gt; done: AccountSteps.When_IPressTheLink("Register") (0,2s)
And I input "validusername" into the "UserName" field
-&gt; done: AccountSteps.When_IInputIntoTheField("validusername", "UserName") (0,0s)
And I input "valid@email.com" into the "Email" field
-&gt; done: AccountSteps.When_IInputIntoTheField("valid@email.com", "Email") (0,0s)
And I input "validpassword" into the "Password" field
-&gt; done: AccountSteps.When_IInputIntoTheField("validpassword", "Password") (0,0s)
And I input "validpassword" into the "ConfirmPassword" field
-&gt; done: AccountSteps.When_IInputIntoTheField("validpassword", "ConfirmPassword") (0,0s)
And I click the "Register" button
-&gt; done: AccountSteps.When_IPressTheButton("Register") (0,1s)
Then I should see the "Home Page" page show up
-&gt; done: AccountSteps.Then_IShouldSeeTheCreateUserPageShowUp("Home Page") (0,0s)</StdOut>
      </Output>
    </UnitTestResult>
    <UnitTestResult executionId="f1400b57-3cb7-4779-8b31-f4ea9eeb5614" testId="8077ee3c-3418-d53e-2e46-3b3e18283b7d" testName="GoingToTheRegisterPage" computerName="QUADVERTEX" duration="00:00:03.7277276" startTime="2011-05-23T00:17:27.3770043+02:00" endTime="2011-05-23T00:17:31.1072177+02:00" testType="13cdc9d9-ddb5-4fa4-a97d-d965ccfc6d4b" outcome="Failed" testListId="8c84fa94-04c1-424b-9868-57a2d4851a1d" relativeResultsDirectory="f1400b57-3cb7-4779-8b31-f4ea9eeb5614">
      <Output>
        <StdOut>Given I am on the "/" page
-&gt; done: AccountSteps.Given_IAmOnThePage("/") (0,1s)
When I click the "Register" link
-&gt; error: Timeout while waiting 2 seconds for element to show up.
Then I should see the "Register" page show up
-&gt; skipped because of previous errors</StdOut>
        <ErrorInfo>
          <Message>Test method CQRS.InvoiceTracker.Features.AccountManagementFeature.GoingToTheRegisterPage threw exception: 
WatiN.Core.Exceptions.TimeoutException: Timeout while waiting 2 seconds for element to show up.</Message>
          <StackTrace>    at WatiN.Core.UtilityClasses.TryFuncUntilTimeOut.ThrowTimeOutException(Exception lastException, String message)
   at WatiN.Core.UtilityClasses.TryFuncUntilTimeOut.HandleTimeOut()
   at WatiN.Core.UtilityClasses.TryFuncUntilTimeOut.Try[T](DoFunc`1 func)
   at WatiN.Core.Element.WaitUntilExistsOrNot(Int32 timeout, Boolean waitUntilExists)
   at WatiN.Core.Element.WaitUntilExists(Int32 timeout)
   at CQRS.InvoiceTracker.Features.StepBase.When_IPressTheLink(String linkName) in C:\Code\github\CQRS.InvoiceTracker\CQRS.InvoiceTracker.FeatureHelpers\StepBase.cs:line 37
   at lambda_method(Closure , String )
   at TechTalk.SpecFlow.Bindings.MethodBinding.InvokeAction(Object[] arguments, ITestTracer testTracer, TimeSpan&amp; duration)
   at TechTalk.SpecFlow.TestRunner.ExecuteStepMatch(BindingMatch match, Object[] arguments)
   at TechTalk.SpecFlow.TestRunner.ExecuteStep(StepArgs stepArgs)
   at TechTalk.SpecFlow.TestRunner.CollectScenarioErrors()
   at CQRS.InvoiceTracker.Features.AccountManagementFeature.GoingToTheRegisterPage() in c:\Code\github\CQRS.InvoiceTracker\CQRS.InvoiceTracker.Features\Account.feature:line 9
</StackTrace>
        </ErrorInfo>
      </Output>
    </UnitTestResult>
    <UnitTestResult executionId="91a79bfc-e449-47d6-b1a2-bc867073c5e4" testId="c941db2b-6719-08cb-0cd3-b81804146f73" testName="LoginOnWithTheNewlyCreatedAccount" computerName="QUADVERTEX" duration="00:00:01.8990670" startTime="2011-05-23T00:17:31.1082178+02:00" endTime="2011-05-23T00:17:33.0103266+02:00" testType="13cdc9d9-ddb5-4fa4-a97d-d965ccfc6d4b" outcome="Failed" testListId="8c84fa94-04c1-424b-9868-57a2d4851a1d" relativeResultsDirectory="91a79bfc-e449-47d6-b1a2-bc867073c5e4">
      <Output>
        <StdOut>Given I am on the "/" page
-&gt; done: AccountSteps.Given_IAmOnThePage("/") (0,1s)
When I click the "Log On" link
-&gt; done: AccountSteps.When_IPressTheLink("Log On") (0,1s)
And I input "validusername" into the "UserName" field
-&gt; done: AccountSteps.When_IInputIntoTheField("validusername", "UserName") (0,0s)
And I input "validpassword" into the "Password" field
-&gt; done: AccountSteps.When_IInputIntoTheField("validpassword", "Password") (0,0s)
And I click the "Log On" button
-&gt; done: AccountSteps.When_IPressTheButton("Log On") (0,2s)
Then I should see the "Home Page" page show up
-&gt; error: Assert.IsTrue failed. The Title does not match</StdOut>
        <ErrorInfo>
          <Message>Assert.IsTrue failed. The Title does not match</Message>
          <StackTrace>   at CQRS.InvoiceTracker.Features.StepBase.Then_IShouldSeeTheCreateUserPageShowUp(String pageTitle) in C:\Code\github\CQRS.InvoiceTracker\CQRS.InvoiceTracker.FeatureHelpers\StepBase.cs:line 53
   at lambda_method(Closure , String )
   at TechTalk.SpecFlow.Bindings.MethodBinding.InvokeAction(Object[] arguments, ITestTracer testTracer, TimeSpan&amp; duration)
   at TechTalk.SpecFlow.TestRunner.ExecuteStepMatch(BindingMatch match, Object[] arguments)
   at TechTalk.SpecFlow.TestRunner.ExecuteStep(StepArgs stepArgs)
   at TechTalk.SpecFlow.TestRunner.CollectScenarioErrors()
   at CQRS.InvoiceTracker.Features.AccountManagementFeature.LoginOnWithTheNewlyCreatedAccount() in c:\Code\github\CQRS.InvoiceTracker\CQRS.InvoiceTracker.Features\Account.feature:line 32
</StackTrace>
        </ErrorInfo>
      </Output>
    </UnitTestResult>
    <UnitTestResult executionId="28ff182c-e091-40d2-98c0-ab08e2918e99" testId="fdd8b786-e79e-647b-dd2a-c50c0f1d18c4" testName="GoingToTheLogOnPage" computerName="QUADVERTEX" duration="00:00:01.6955973" startTime="2011-05-23T00:17:33.0113266+02:00" endTime="2011-05-23T00:17:34.7094237+02:00" testType="13cdc9d9-ddb5-4fa4-a97d-d965ccfc6d4b" outcome="Passed" testListId="8c84fa94-04c1-424b-9868-57a2d4851a1d" relativeResultsDirectory="28ff182c-e091-40d2-98c0-ab08e2918e99">
      <Output>
        <StdOut>Given I am on the "/" page
-&gt; done: AccountSteps.Given_IAmOnThePage("/") (0,1s)
When I click the "Log On" link
-&gt; done: AccountSteps.When_IPressTheLink("Log On") (0,1s)
Then I should see the "Log On" page show up
-&gt; done: AccountSteps.Then_IShouldSeeTheCreateUserPageShowUp("Log On") (0,0s)</StdOut>
      </Output>
    </UnitTestResult>
  </Results>
</TestRun>