<?xml version="1.0" encoding="UTF-8"?>
<TestRun id="327f1def-83aa-4e94-8001-e448750d97e9" name="Yannick@QUADVERTEX 2011-05-23 00:13:32" runUser="QuadVertex\Yannick" xmlns="http://microsoft.com/schemas/VisualStudio/TeamTest/2010">
  <TestSettings name="Local" id="cdd1f0be-8b79-4576-88db-88bf0584423b">
    <Description>These are default test settings for a local test run.</Description>
    <Deployment enabled="false" runDeploymentRoot="Yannick_QUADVERTEX 2011-05-23 00_13_32">
      <DeploymentItem filename="C:\Program Files (x86)\TechTalk\SpecFlow\TechTalk.SpecFlow.dll" />
      <DeploymentItem filename="C:\Code\github\CQRS.InvoiceTracker\packages\WatiN.2.1.0\lib\net40\WatiN.Core.dll" />
      <DeploymentItem filename="C:\Code\github\CQRS.InvoiceTracker\CQRS.InvoiceTracker.Web\bin\CQRS.InvoiceTracker.Web.dll" />
      <DeploymentItem filename="C:\Code\github\CQRS.InvoiceTracker\CQRS.InvoiceTracker.FeatureHelpers\bin\Debug\CQRS.InvoiceTracker.FeatureHelpers.dll" />
    </Deployment>
    <Execution>
      <TestTypeSpecific />
      <AgentRule name="Execution Agents">
      </AgentRule>
    </Execution>
  </TestSettings>
  <Times creation="2011-05-23T00:13:32.0785460+02:00" queuing="2011-05-23T00:13:33.0716028+02:00" start="2011-05-23T00:13:33.2156111+02:00" finish="2011-05-23T00:15:24.2879641+02:00" />
  <ResultSummary outcome="Error">
    <Counters total="4" executed="3" passed="2" error="0" failed="0" timeout="0" aborted="1" inconclusive="0" passedButRunAborted="0" notRunnable="0" notExecuted="1" disconnected="0" warning="0" completed="0" inProgress="0" pending="0" />
    <RunInfos>
      <RunInfo computerName="QUADVERTEX" outcome="Error" timestamp="2011-05-23T00:15:24.2869640+02:00">
        <Text>Test host process exited unexpectedly.</Text>
      </RunInfo>
    </RunInfos>
  </ResultSummary>
  <TestDefinitions>
    <UnitTest name="LoginOnWithTheNewlyCreatedAccount" storage="c:\code\github\cqrs.invoicetracker\cqrs.invoicetracker.features\bin\debug\cqrs.invoicetracker.features.dll" id="c941db2b-6719-08cb-0cd3-b81804146f73">
      <Description>Login On with the newly created account</Description>
      <Execution id="8874421d-493c-4260-940b-1b8a2b47e755" />
      <Properties>
        <Property>
          <Key>FeatureTitle</Key>
          <Value>Account Management</Value>
        </Property>
      </Properties>
      <TestMethod codeBase="C:/Code/github/CQRS.InvoiceTracker/CQRS.InvoiceTracker.Features/bin/Debug/CQRS.InvoiceTracker.Features.DLL" adapterTypeName="Microsoft.VisualStudio.TestTools.TestTypes.Unit.UnitTestAdapter, Microsoft.VisualStudio.QualityTools.Tips.UnitTest.Adapter, Version=10.0.0.0, Culture=neutral, PublicKeyToken=b03f5f7f11d50a3a" className="CQRS.InvoiceTracker.Features.AccountManagementFeature, CQRS.InvoiceTracker.Features, Version=1.0.0.0, Culture=neutral, PublicKeyToken=null" name="LoginOnWithTheNewlyCreatedAccount" />
    </UnitTest>
    <UnitTest name="GoingToTheRegisterPage" storage="c:\code\github\cqrs.invoicetracker\cqrs.invoicetracker.features\bin\debug\cqrs.invoicetracker.features.dll" id="8077ee3c-3418-d53e-2e46-3b3e18283b7d">
      <Description>Going to the "Register" page</Description>
      <Execution id="e9a04dcb-5b98-46e5-9b61-f6363ca47eb3" />
      <Properties>
        <Property>
          <Key>FeatureTitle</Key>
          <Value>Account Management</Value>
        </Property>
      </Properties>
      <TestMethod codeBase="C:/Code/github/CQRS.InvoiceTracker/CQRS.InvoiceTracker.Features/bin/Debug/CQRS.InvoiceTracker.Features.DLL" adapterTypeName="Microsoft.VisualStudio.TestTools.TestTypes.Unit.UnitTestAdapter, Microsoft.VisualStudio.QualityTools.Tips.UnitTest.Adapter, Version=10.0.0.0, Culture=neutral, PublicKeyToken=b03f5f7f11d50a3a" className="CQRS.InvoiceTracker.Features.AccountManagementFeature, CQRS.InvoiceTracker.Features, Version=1.0.0.0, Culture=neutral, PublicKeyToken=null" name="GoingToTheRegisterPage" />
    </UnitTest>
    <UnitTest name="CreatingAnAccount" storage="c:\code\github\cqrs.invoicetracker\cqrs.invoicetracker.features\bin\debug\cqrs.invoicetracker.features.dll" id="4225542c-1a3b-0977-0d8c-728f858161c1">
      <Description>Creating an account</Description>
      <Execution id="e2b31571-9e6b-401d-b322-3634e3faf37d" />
      <Properties>
        <Property>
          <Key>FeatureTitle</Key>
          <Value>Account Management</Value>
        </Property>
      </Properties>
      <TestMethod codeBase="C:/Code/github/CQRS.InvoiceTracker/CQRS.InvoiceTracker.Features/bin/Debug/CQRS.InvoiceTracker.Features.DLL" adapterTypeName="Microsoft.VisualStudio.TestTools.TestTypes.Unit.UnitTestAdapter, Microsoft.VisualStudio.QualityTools.Tips.UnitTest.Adapter, Version=10.0.0.0, Culture=neutral, PublicKeyToken=b03f5f7f11d50a3a" className="CQRS.InvoiceTracker.Features.AccountManagementFeature, CQRS.InvoiceTracker.Features, Version=1.0.0.0, Culture=neutral, PublicKeyToken=null" name="CreatingAnAccount" />
    </UnitTest>
    <UnitTest name="GoingToTheLogOnPage" storage="c:\code\github\cqrs.invoicetracker\cqrs.invoicetracker.features\bin\debug\cqrs.invoicetracker.features.dll" id="fdd8b786-e79e-647b-dd2a-c50c0f1d18c4">
      <Description>Going to the "LogOn" page</Description>
      <Execution id="016d1866-0834-455f-ae32-ee6ab6ceca45" />
      <Properties>
        <Property>
          <Key>FeatureTitle</Key>
          <Value>Account Management</Value>
        </Property>
      </Properties>
      <TestMethod codeBase="C:/Code/github/CQRS.InvoiceTracker/CQRS.InvoiceTracker.Features/bin/Debug/CQRS.InvoiceTracker.Features.DLL" adapterTypeName="Microsoft.VisualStudio.TestTools.TestTypes.Unit.UnitTestAdapter, Microsoft.VisualStudio.QualityTools.Tips.UnitTest.Adapter, Version=10.0.0.0, Culture=neutral, PublicKeyToken=b03f5f7f11d50a3a" className="CQRS.InvoiceTracker.Features.AccountManagementFeature, CQRS.InvoiceTracker.Features, Version=1.0.0.0, Culture=neutral, PublicKeyToken=null" name="GoingToTheLogOnPage" />
    </UnitTest>
  </TestDefinitions>
  <TestLists>
    <TestList name="Results Not in a List" id="8c84fa94-04c1-424b-9868-57a2d4851a1d" />
    <TestList name="All Loaded Results" id="19431567-8539-422a-85d7-44ee4e166bda" />
  </TestLists>
  <TestEntries>
    <TestEntry testId="4225542c-1a3b-0977-0d8c-728f858161c1" executionId="e2b31571-9e6b-401d-b322-3634e3faf37d" testListId="8c84fa94-04c1-424b-9868-57a2d4851a1d" />
    <TestEntry testId="8077ee3c-3418-d53e-2e46-3b3e18283b7d" executionId="e9a04dcb-5b98-46e5-9b61-f6363ca47eb3" testListId="8c84fa94-04c1-424b-9868-57a2d4851a1d" />
    <TestEntry testId="c941db2b-6719-08cb-0cd3-b81804146f73" executionId="8874421d-493c-4260-940b-1b8a2b47e755" testListId="8c84fa94-04c1-424b-9868-57a2d4851a1d" />
    <TestEntry testId="fdd8b786-e79e-647b-dd2a-c50c0f1d18c4" executionId="016d1866-0834-455f-ae32-ee6ab6ceca45" testListId="8c84fa94-04c1-424b-9868-57a2d4851a1d" />
  </TestEntries>
  <Results>
    <UnitTestResult executionId="e2b31571-9e6b-401d-b322-3634e3faf37d" testId="4225542c-1a3b-0977-0d8c-728f858161c1" testName="CreatingAnAccount" computerName="QUADVERTEX" duration="00:00:25.9752734" startTime="2011-05-23T00:13:33.3576192+02:00" endTime="2011-05-23T00:14:00.5821764+02:00" testType="13cdc9d9-ddb5-4fa4-a97d-d965ccfc6d4b" outcome="Passed" testListId="8c84fa94-04c1-424b-9868-57a2d4851a1d" relativeResultsDirectory="e2b31571-9e6b-401d-b322-3634e3faf37d">
      <Output>
        <StdOut>Given I am on the "/" page
-&gt; done: AccountSteps.Given_IAmOnThePage("/") (0,1s)
When I click the "Register" link
-&gt; done: AccountSteps.When_IPressTheLink("Register") (0,7s)
And I input "validusername" into the "UserName" field
-&gt; done: AccountSteps.When_IInputIntoTheField("validusername", "UserName") (2,2s)
And I input "valid@email.com" into the "Email" field
-&gt; done: AccountSteps.When_IInputIntoTheField("valid@email.com", "Email") (2,0s)
And I input "validpassword" into the "Password" field
-&gt; done: AccountSteps.When_IInputIntoTheField("validpassword", "Password") (1,8s)
And I input "validpassword" into the "ConfirmPassword" field
-&gt; done: AccountSteps.When_IInputIntoTheField("validpassword", "ConfirmPassword") (1,8s)
And I click the "Register" button
-&gt; done: AccountSteps.When_IPressTheButton("Register") (6,2s)
Then I should see the "Home Page" page show up
-&gt; done: AccountSteps.Then_IShouldSeeTheCreateUserPageShowUp("Home Page") (4,4s)</StdOut>
      </Output>
    </UnitTestResult>
    <UnitTestResult executionId="e9a04dcb-5b98-46e5-9b61-f6363ca47eb3" testId="8077ee3c-3418-d53e-2e46-3b3e18283b7d" testName="GoingToTheRegisterPage" computerName="QUADVERTEX" duration="00:00:01.8995751" startTime="2011-05-23T00:14:00.5861766+02:00" endTime="2011-05-23T00:14:02.4942857+02:00" testType="13cdc9d9-ddb5-4fa4-a97d-d965ccfc6d4b" outcome="Passed" testListId="8c84fa94-04c1-424b-9868-57a2d4851a1d" relativeResultsDirectory="e9a04dcb-5b98-46e5-9b61-f6363ca47eb3">
      <Output>
        <StdOut>Given I am on the "/" page
-&gt; done: AccountSteps.Given_IAmOnThePage("/") (0,1s)
When I click the "Register" link
-&gt; done: AccountSteps.When_IPressTheLink("Register") (0,2s)
Then I should see the "Register" page show up
-&gt; done: AccountSteps.Then_IShouldSeeTheCreateUserPageShowUp("Register") (0,0s)</StdOut>
      </Output>
    </UnitTestResult>
    <UnitTestResult executionId="8874421d-493c-4260-940b-1b8a2b47e755" testId="c941db2b-6719-08cb-0cd3-b81804146f73" testName="LoginOnWithTheNewlyCreatedAccount" computerName="QUADVERTEX" duration="00:01:21.7886781" startTime="2011-05-23T00:14:02.4992860+02:00" endTime="2011-05-23T00:15:24.2879641+02:00" testType="13cdc9d9-ddb5-4fa4-a97d-d965ccfc6d4b" outcome="Aborted" testListId="8c84fa94-04c1-424b-9868-57a2d4851a1d" relativeResultsDirectory="8874421d-493c-4260-940b-1b8a2b47e755">
    </UnitTestResult>
    <UnitTestResult executionId="016d1866-0834-455f-ae32-ee6ab6ceca45" testId="fdd8b786-e79e-647b-dd2a-c50c0f1d18c4" testName="GoingToTheLogOnPage" computerName="QUADVERTEX" testType="13cdc9d9-ddb5-4fa4-a97d-d965ccfc6d4b" outcome="NotExecuted" testListId="8c84fa94-04c1-424b-9868-57a2d4851a1d" relativeResultsDirectory="016d1866-0834-455f-ae32-ee6ab6ceca45">
    </UnitTestResult>
  </Results>
</TestRun>