<?xml version="1.0" encoding="UTF-8"?>
<TestRun id="04ef489b-6f09-445e-95eb-ef4157fc0017" name="Yannick@QUADVERTEX 2011-05-23 00:21:32" runUser="QuadVertex\Yannick" xmlns="http://microsoft.com/schemas/VisualStudio/TeamTest/2010">
  <TestSettings name="Local" id="cdd1f0be-8b79-4576-88db-88bf0584423b">
    <Description>These are default test settings for a local test run.</Description>
    <Deployment enabled="false" runDeploymentRoot="Yannick_QUADVERTEX 2011-05-23 00_21_32">
      <DeploymentItem filename="C:\Program Files (x86)\TechTalk\SpecFlow\TechTalk.SpecFlow.dll" />
      <DeploymentItem filename="C:\Code\github\CQRS.InvoiceTracker\packages\WatiN.2.1.0\lib\net40\WatiN.Core.dll" />
      <DeploymentItem filename="C:\Code\github\CQRS.InvoiceTracker\CQRS.InvoiceTracker.Web\bin\CQRS.InvoiceTracker.Web.dll" />
      <DeploymentItem filename="C:\Code\github\CQRS.InvoiceTracker\CQRS.InvoiceTracker.FeatureHelpers\bin\Debug\CQRS.InvoiceTracker.FeatureHelpers.dll" />
    </Deployment>
    <Execution>
      <TestTypeSpecific />
      <AgentRule name="Execution Agents">
      </AgentRule>
    </Execution>
  </TestSettings>
  <Times creation="2011-05-23T00:21:32.1920070+02:00" queuing="2011-05-23T00:21:32.2300091+02:00" start="2011-05-23T00:21:32.2350094+02:00" finish="2011-05-23T00:21:50.6220611+02:00" />
  <ResultSummary outcome="Failed">
    <Counters total="4" executed="4" passed="3" error="0" failed="1" timeout="0" aborted="0" inconclusive="0" passedButRunAborted="0" notRunnable="0" notExecuted="0" disconnected="0" warning="0" completed="0" inProgress="0" pending="0" />
  </ResultSummary>
  <TestDefinitions>
    <UnitTest name="LoginOnWithTheNewlyCreatedAccount" storage="c:\code\github\cqrs.invoicetracker\cqrs.invoicetracker.features\bin\debug\cqrs.invoicetracker.features.dll" id="c941db2b-6719-08cb-0cd3-b81804146f73">
      <Description>Login On with the newly created account</Description>
      <Execution id="08d87e1e-a602-44c3-826d-4890ba5174ff" />
      <Properties>
        <Property>
          <Key>FeatureTitle</Key>
          <Value>Account Management</Value>
        </Property>
      </Properties>
      <TestMethod codeBase="C:/Code/github/CQRS.InvoiceTracker/CQRS.InvoiceTracker.Features/bin/Debug/CQRS.InvoiceTracker.Features.DLL" adapterTypeName="Microsoft.VisualStudio.TestTools.TestTypes.Unit.UnitTestAdapter, Microsoft.VisualStudio.QualityTools.Tips.UnitTest.Adapter, Version=10.0.0.0, Culture=neutral, PublicKeyToken=b03f5f7f11d50a3a" className="CQRS.InvoiceTracker.Features.AccountManagementFeature, CQRS.InvoiceTracker.Features, Version=1.0.0.0, Culture=neutral, PublicKeyToken=null" name="LoginOnWithTheNewlyCreatedAccount" />
    </UnitTest>
    <UnitTest name="GoingToTheRegisterPage" storage="c:\code\github\cqrs.invoicetracker\cqrs.invoicetracker.features\bin\debug\cqrs.invoicetracker.features.dll" id="8077ee3c-3418-d53e-2e46-3b3e18283b7d">
      <Description>Going to the "Register" page</Description>
      <Execution id="a2a1ed39-83c6-436a-a353-b489ca66a4a2" />
      <Properties>
        <Property>
          <Key>FeatureTitle</Key>
          <Value>Account Management</Value>
        </Property>
      </Properties>
      <TestMethod codeBase="C:/Code/github/CQRS.InvoiceTracker/CQRS.InvoiceTracker.Features/bin/Debug/CQRS.InvoiceTracker.Features.DLL" adapterTypeName="Microsoft.VisualStudio.TestTools.TestTypes.Unit.UnitTestAdapter, Microsoft.VisualStudio.QualityTools.Tips.UnitTest.Adapter, Version=10.0.0.0, Culture=neutral, PublicKeyToken=b03f5f7f11d50a3a" className="CQRS.InvoiceTracker.Features.AccountManagementFeature, CQRS.InvoiceTracker.Features, Version=1.0.0.0, Culture=neutral, PublicKeyToken=null" name="GoingToTheRegisterPage" />
    </UnitTest>
    <UnitTest name="CreatingAnAccount" storage="c:\code\github\cqrs.invoicetracker\cqrs.invoicetracker.features\bin\debug\cqrs.invoicetracker.features.dll" id="4225542c-1a3b-0977-0d8c-728f858161c1">
      <Description>Creating an account</Description>
      <Execution id="dbd7c621-ab2f-40b3-8689-827ec015d4a4" />
      <Properties>
        <Property>
          <Key>FeatureTitle</Key>
          <Value>Account Management</Value>
        </Property>
      </Properties>
      <TestMethod codeBase="C:/Code/github/CQRS.InvoiceTracker/CQRS.InvoiceTracker.Features/bin/Debug/CQRS.InvoiceTracker.Features.DLL" adapterTypeName="Microsoft.VisualStudio.TestTools.TestTypes.Unit.UnitTestAdapter, Microsoft.VisualStudio.QualityTools.Tips.UnitTest.Adapter, Version=10.0.0.0, Culture=neutral, PublicKeyToken=b03f5f7f11d50a3a" className="CQRS.InvoiceTracker.Features.AccountManagementFeature, CQRS.InvoiceTracker.Features, Version=1.0.0.0, Culture=neutral, PublicKeyToken=null" name="CreatingAnAccount" />
    </UnitTest>
    <UnitTest name="GoingToTheLogOnPage" storage="c:\code\github\cqrs.invoicetracker\cqrs.invoicetracker.features\bin\debug\cqrs.invoicetracker.features.dll" id="fdd8b786-e79e-647b-dd2a-c50c0f1d18c4">
      <Description>Going to the "LogOn" page</Description>
      <Execution id="9e1590d2-f159-46d0-9b26-84f68b478d4d" />
      <Properties>
        <Property>
          <Key>FeatureTitle</Key>
          <Value>Account Management</Value>
        </Property>
      </Properties>
      <TestMethod codeBase="C:/Code/github/CQRS.InvoiceTracker/CQRS.InvoiceTracker.Features/bin/Debug/CQRS.InvoiceTracker.Features.DLL" adapterTypeName="Microsoft.VisualStudio.TestTools.TestTypes.Unit.UnitTestAdapter, Microsoft.VisualStudio.QualityTools.Tips.UnitTest.Adapter, Version=10.0.0.0, Culture=neutral, PublicKeyToken=b03f5f7f11d50a3a" className="CQRS.InvoiceTracker.Features.AccountManagementFeature, CQRS.InvoiceTracker.Features, Version=1.0.0.0, Culture=neutral, PublicKeyToken=null" name="GoingToTheLogOnPage" />
    </UnitTest>
  </TestDefinitions>
  <TestLists>
    <TestList name="Results Not in a List" id="8c84fa94-04c1-424b-9868-57a2d4851a1d" />
    <TestList name="All Loaded Results" id="19431567-8539-422a-85d7-44ee4e166bda" />
  </TestLists>
  <TestEntries>
    <TestEntry testId="4225542c-1a3b-0977-0d8c-728f858161c1" executionId="dbd7c621-ab2f-40b3-8689-827ec015d4a4" testListId="8c84fa94-04c1-424b-9868-57a2d4851a1d" />
    <TestEntry testId="8077ee3c-3418-d53e-2e46-3b3e18283b7d" executionId="a2a1ed39-83c6-436a-a353-b489ca66a4a2" testListId="8c84fa94-04c1-424b-9868-57a2d4851a1d" />
    <TestEntry testId="c941db2b-6719-08cb-0cd3-b81804146f73" executionId="08d87e1e-a602-44c3-826d-4890ba5174ff" testListId="8c84fa94-04c1-424b-9868-57a2d4851a1d" />
    <TestEntry testId="fdd8b786-e79e-647b-dd2a-c50c0f1d18c4" executionId="9e1590d2-f159-46d0-9b26-84f68b478d4d" testListId="8c84fa94-04c1-424b-9868-57a2d4851a1d" />
  </TestEntries>
  <Results>
    <UnitTestResult executionId="dbd7c621-ab2f-40b3-8689-827ec015d4a4" testId="4225542c-1a3b-0977-0d8c-728f858161c1" testName="CreatingAnAccount" computerName="QUADVERTEX" duration="00:00:09.4314825" startTime="2011-05-23T00:21:32.2360095+02:00" endTime="2011-05-23T00:21:41.8595599+02:00" testType="13cdc9d9-ddb5-4fa4-a97d-d965ccfc6d4b" outcome="Passed" testListId="8c84fa94-04c1-424b-9868-57a2d4851a1d" relativeResultsDirectory="dbd7c621-ab2f-40b3-8689-827ec015d4a4">
      <Output>
        <StdOut>Given I am on the "/" page
-&gt; done: AccountSteps.Given_IAmOnThePage("/") (0,1s)
When I click the "Register" link
-&gt; done: AccountSteps.When_IPressTheLink("Register") (0,2s)
And I input "validusername" into the "UserName" field
-&gt; done: AccountSteps.When_IInputIntoTheField("validusername", "UserName") (1,8s)
And I input "valid@email.com" into the "Email" field
-&gt; done: AccountSteps.When_IInputIntoTheField("valid@email.com", "Email") (2,0s)
And I input "validpassword" into the "Password" field
-&gt; done: AccountSteps.When_IInputIntoTheField("validpassword", "Password") (1,7s)
And I input "validpassword" into the "ConfirmPassword" field
-&gt; done: AccountSteps.When_IInputIntoTheField("validpassword", "ConfirmPassword") (1,7s)
And I click the "Register" button
-&gt; done: AccountSteps.When_IPressTheButton("Register") (0,1s)
Then I should see the "Home Page" page show up
-&gt; done: AccountSteps.Then_IShouldSeeTheCreateUserPageShowUp("Home Page") (0,0s)
And I click the "Log Off" link
-&gt; done: AccountSteps.Then_IPressTheLink("Log Off") (0,1s)</StdOut>
      </Output>
    </UnitTestResult>
    <UnitTestResult executionId="a2a1ed39-83c6-436a-a353-b489ca66a4a2" testId="8077ee3c-3418-d53e-2e46-3b3e18283b7d" testName="GoingToTheRegisterPage" computerName="QUADVERTEX" duration="00:00:01.6935568" startTime="2011-05-23T00:21:41.8605600+02:00" endTime="2011-05-23T00:21:43.5566570+02:00" testType="13cdc9d9-ddb5-4fa4-a97d-d965ccfc6d4b" outcome="Passed" testListId="8c84fa94-04c1-424b-9868-57a2d4851a1d" relativeResultsDirectory="a2a1ed39-83c6-436a-a353-b489ca66a4a2">
      <Output>
        <StdOut>Given I am on the "/" page
-&gt; done: AccountSteps.Given_IAmOnThePage("/") (0,1s)
When I click the "Register" link
-&gt; done: AccountSteps.When_IPressTheLink("Register") (0,1s)
Then I should see the "Register" page show up
-&gt; done: AccountSteps.Then_IShouldSeeTheCreateUserPageShowUp("Register") (0,0s)</StdOut>
      </Output>
    </UnitTestResult>
    <UnitTestResult executionId="08d87e1e-a602-44c3-826d-4890ba5174ff" testId="c941db2b-6719-08cb-0cd3-b81804146f73" testName="LoginOnWithTheNewlyCreatedAccount" computerName="QUADVERTEX" duration="00:00:05.3395203" startTime="2011-05-23T00:21:43.5586571+02:00" endTime="2011-05-23T00:21:48.9009627+02:00" testType="13cdc9d9-ddb5-4fa4-a97d-d965ccfc6d4b" outcome="Failed" testListId="8c84fa94-04c1-424b-9868-57a2d4851a1d" relativeResultsDirectory="08d87e1e-a602-44c3-826d-4890ba5174ff">
      <Output>
        <StdOut>Given I am on the "/" page
-&gt; done: AccountSteps.Given_IAmOnThePage("/") (0,1s)
When I click the "Log On" link
-&gt; done: AccountSteps.When_IPressTheLink("Log On") (0,1s)
And I input "validusername" into the "UserName" field
-&gt; done: AccountSteps.When_IInputIntoTheField("validusername", "UserName") (1,8s)
And I input "validpassword" into the "Password" field
-&gt; done: AccountSteps.When_IInputIntoTheField("validpassword", "Password") (1,7s)
And I click the "Log On" button
-&gt; done: AccountSteps.When_IPressTheButton("Log On") (0,1s)
Then I should see the "Home Page" page show up
-&gt; error: Assert.IsTrue failed. The Title does not match
And I click the "Log Off" link
-&gt; skipped because of previous errors</StdOut>
        <ErrorInfo>
          <Message>Assert.IsTrue failed. The Title does not match</Message>
          <StackTrace>   at CQRS.InvoiceTracker.Features.StepBase.Then_IShouldSeeTheCreateUserPageShowUp(String pageTitle) in C:\Code\github\CQRS.InvoiceTracker\CQRS.InvoiceTracker.FeatureHelpers\StepBase.cs:line 53
   at lambda_method(Closure , String )
   at TechTalk.SpecFlow.Bindings.MethodBinding.InvokeAction(Object[] arguments, ITestTracer testTracer, TimeSpan&amp; duration)
   at TechTalk.SpecFlow.TestRunner.ExecuteStepMatch(BindingMatch match, Object[] arguments)
   at TechTalk.SpecFlow.TestRunner.ExecuteStep(StepArgs stepArgs)
   at TechTalk.SpecFlow.TestRunner.CollectScenarioErrors()
   at CQRS.InvoiceTracker.Features.AccountManagementFeature.LoginOnWithTheNewlyCreatedAccount() in c:\Code\github\CQRS.InvoiceTracker\CQRS.InvoiceTracker.Features\Account.feature:line 34
</StackTrace>
        </ErrorInfo>
      </Output>
    </UnitTestResult>
    <UnitTestResult executionId="9e1590d2-f159-46d0-9b26-84f68b478d4d" testId="fdd8b786-e79e-647b-dd2a-c50c0f1d18c4" testName="GoingToTheLogOnPage" computerName="QUADVERTEX" duration="00:00:01.6858528" startTime="2011-05-23T00:21:48.9019627+02:00" endTime="2011-05-23T00:21:50.5910593+02:00" testType="13cdc9d9-ddb5-4fa4-a97d-d965ccfc6d4b" outcome="Passed" testListId="8c84fa94-04c1-424b-9868-57a2d4851a1d" relativeResultsDirectory="9e1590d2-f159-46d0-9b26-84f68b478d4d">
      <Output>
        <StdOut>Given I am on the "/" page
-&gt; done: AccountSteps.Given_IAmOnThePage("/") (0,1s)
When I click the "Log On" link
-&gt; done: AccountSteps.When_IPressTheLink("Log On") (0,1s)
Then I should see the "Log On" page show up
-&gt; done: AccountSteps.Then_IShouldSeeTheCreateUserPageShowUp("Log On") (0,0s)</StdOut>
      </Output>
    </UnitTestResult>
  </Results>
</TestRun>