<?xml version="1.0" encoding="UTF-8"?>
<TestRun id="4d83c2fe-ad1e-419b-a1c1-1c0d841afa9b" name="Yannick@QUADVERTEX 2011-05-22 23:43:58" runUser="QuadVertex\Yannick" xmlns="http://microsoft.com/schemas/VisualStudio/TeamTest/2010">
  <TestSettings name="Local" id="cdd1f0be-8b79-4576-88db-88bf0584423b">
    <Description>These are default test settings for a local test run.</Description>
    <Deployment enabled="false" runDeploymentRoot="Yannick_QUADVERTEX 2011-05-22 23_43_58">
      <DeploymentItem filename="C:\Program Files (x86)\TechTalk\SpecFlow\TechTalk.SpecFlow.dll" />
      <DeploymentItem filename="C:\Code\github\CQRS.InvoiceTracker\packages\WatiN.2.1.0\lib\net40\WatiN.Core.dll" />
      <DeploymentItem filename="C:\Code\github\CQRS.InvoiceTracker\CQRS.InvoiceTracker.Web\bin\CQRS.InvoiceTracker.Web.dll" />
      <DeploymentItem filename="C:\Code\github\CQRS.InvoiceTracker\CQRS.InvoiceTracker.FeatureHelpers\bin\Debug\CQRS.InvoiceTracker.FeatureHelpers.dll" />
    </Deployment>
    <Execution>
      <TestTypeSpecific />
      <AgentRule name="Execution Agents">
      </AgentRule>
    </Execution>
  </TestSettings>
  <Times creation="2011-05-22T23:43:58.9561292+02:00" queuing="2011-05-22T23:44:00.0481917+02:00" start="2011-05-22T23:44:00.1831994+02:00" finish="2011-05-22T23:44:33.2450905+02:00" />
  <ResultSummary outcome="Error">
    <Counters total="4" executed="2" error="0" failed="0" timeout="0" aborted="1" inconclusive="1" passedButRunAborted="0" notRunnable="0" notExecuted="2" disconnected="0" warning="0" passed="0" completed="0" inProgress="0" pending="0" />
    <RunInfos>
      <RunInfo computerName="QUADVERTEX" outcome="Error" timestamp="2011-05-22T23:44:33.2440904+02:00">
        <Text>Test host process exited unexpectedly.</Text>
      </RunInfo>
    </RunInfos>
  </ResultSummary>
  <TestDefinitions>
    <UnitTest name="LoginOnWithTheNewlyCreatedAccount" storage="c:\code\github\cqrs.invoicetracker\cqrs.invoicetracker.features\bin\debug\cqrs.invoicetracker.features.dll" id="c941db2b-6719-08cb-0cd3-b81804146f73">
      <Description>Login On with the newly created account</Description>
      <Execution id="8070f611-5d16-42d4-a760-cae7f73503f6" />
      <Properties>
        <Property>
          <Key>FeatureTitle</Key>
          <Value>Account Management</Value>
        </Property>
      </Properties>
      <TestMethod codeBase="C:/Code/github/CQRS.InvoiceTracker/CQRS.InvoiceTracker.Features/bin/Debug/CQRS.InvoiceTracker.Features.DLL" adapterTypeName="Microsoft.VisualStudio.TestTools.TestTypes.Unit.UnitTestAdapter, Microsoft.VisualStudio.QualityTools.Tips.UnitTest.Adapter, Version=10.0.0.0, Culture=neutral, PublicKeyToken=b03f5f7f11d50a3a" className="CQRS.InvoiceTracker.Features.AccountManagementFeature, CQRS.InvoiceTracker.Features, Version=1.0.0.0, Culture=neutral, PublicKeyToken=null" name="LoginOnWithTheNewlyCreatedAccount" />
    </UnitTest>
    <UnitTest name="CreatingAnAccount" storage="c:\code\github\cqrs.invoicetracker\cqrs.invoicetracker.features\bin\debug\cqrs.invoicetracker.features.dll" id="4225542c-1a3b-0977-0d8c-728f858161c1">
      <Description>Creating an account</Description>
      <Execution id="624aa34e-4540-4a82-bec6-afba75ed3c39" />
      <Properties>
        <Property>
          <Key>FeatureTitle</Key>
          <Value>Account Management</Value>
        </Property>
      </Properties>
      <TestMethod codeBase="C:/Code/github/CQRS.InvoiceTracker/CQRS.InvoiceTracker.Features/bin/Debug/CQRS.InvoiceTracker.Features.DLL" adapterTypeName="Microsoft.VisualStudio.TestTools.TestTypes.Unit.UnitTestAdapter, Microsoft.VisualStudio.QualityTools.Tips.UnitTest.Adapter, Version=10.0.0.0, Culture=neutral, PublicKeyToken=b03f5f7f11d50a3a" className="CQRS.InvoiceTracker.Features.AccountManagementFeature, CQRS.InvoiceTracker.Features, Version=1.0.0.0, Culture=neutral, PublicKeyToken=null" name="CreatingAnAccount" />
    </UnitTest>
    <UnitTest name="GoingToTheLogOnPage" storage="c:\code\github\cqrs.invoicetracker\cqrs.invoicetracker.features\bin\debug\cqrs.invoicetracker.features.dll" id="fdd8b786-e79e-647b-dd2a-c50c0f1d18c4">
      <Description>Going to the "LogOn" page</Description>
      <Execution id="d7a27b8f-fb85-46a1-99a4-1483b17aade4" />
      <Properties>
        <Property>
          <Key>FeatureTitle</Key>
          <Value>Account Management</Value>
        </Property>
      </Properties>
      <TestMethod codeBase="C:/Code/github/CQRS.InvoiceTracker/CQRS.InvoiceTracker.Features/bin/Debug/CQRS.InvoiceTracker.Features.DLL" adapterTypeName="Microsoft.VisualStudio.TestTools.TestTypes.Unit.UnitTestAdapter, Microsoft.VisualStudio.QualityTools.Tips.UnitTest.Adapter, Version=10.0.0.0, Culture=neutral, PublicKeyToken=b03f5f7f11d50a3a" className="CQRS.InvoiceTracker.Features.AccountManagementFeature, CQRS.InvoiceTracker.Features, Version=1.0.0.0, Culture=neutral, PublicKeyToken=null" name="GoingToTheLogOnPage" />
    </UnitTest>
    <UnitTest name="GoingToTheAccountPage" storage="c:\code\github\cqrs.invoicetracker\cqrs.invoicetracker.features\bin\debug\cqrs.invoicetracker.features.dll" id="6eac4922-8c19-60d4-a2d5-1b59753c34ec">
      <Description>Going to the "Account" page</Description>
      <Execution id="eb9665a1-da8c-4f89-9709-ea1606e2f4b9" />
      <Properties>
        <Property>
          <Key>FeatureTitle</Key>
          <Value>Account Management</Value>
        </Property>
      </Properties>
      <TestMethod codeBase="C:/Code/github/CQRS.InvoiceTracker/CQRS.InvoiceTracker.Features/bin/Debug/CQRS.InvoiceTracker.Features.DLL" adapterTypeName="Microsoft.VisualStudio.TestTools.TestTypes.Unit.UnitTestAdapter, Microsoft.VisualStudio.QualityTools.Tips.UnitTest.Adapter, Version=10.0.0.0, Culture=neutral, PublicKeyToken=b03f5f7f11d50a3a" className="CQRS.InvoiceTracker.Features.AccountManagementFeature, CQRS.InvoiceTracker.Features, Version=1.0.0.0, Culture=neutral, PublicKeyToken=null" name="GoingToTheAccountPage" />
    </UnitTest>
  </TestDefinitions>
  <TestLists>
    <TestList name="Results Not in a List" id="8c84fa94-04c1-424b-9868-57a2d4851a1d" />
    <TestList name="All Loaded Results" id="19431567-8539-422a-85d7-44ee4e166bda" />
  </TestLists>
  <TestEntries>
    <TestEntry testId="4225542c-1a3b-0977-0d8c-728f858161c1" executionId="624aa34e-4540-4a82-bec6-afba75ed3c39" testListId="8c84fa94-04c1-424b-9868-57a2d4851a1d" />
    <TestEntry testId="6eac4922-8c19-60d4-a2d5-1b59753c34ec" executionId="eb9665a1-da8c-4f89-9709-ea1606e2f4b9" testListId="8c84fa94-04c1-424b-9868-57a2d4851a1d" />
    <TestEntry testId="c941db2b-6719-08cb-0cd3-b81804146f73" executionId="8070f611-5d16-42d4-a760-cae7f73503f6" testListId="8c84fa94-04c1-424b-9868-57a2d4851a1d" />
    <TestEntry testId="fdd8b786-e79e-647b-dd2a-c50c0f1d18c4" executionId="d7a27b8f-fb85-46a1-99a4-1483b17aade4" testListId="8c84fa94-04c1-424b-9868-57a2d4851a1d" />
  </TestEntries>
  <Results>
    <UnitTestResult executionId="624aa34e-4540-4a82-bec6-afba75ed3c39" testId="4225542c-1a3b-0977-0d8c-728f858161c1" testName="CreatingAnAccount" computerName="QUADVERTEX" duration="00:00:07.9839707" startTime="2011-05-22T23:44:00.3172071+02:00" endTime="2011-05-22T23:44:09.5297340+02:00" testType="13cdc9d9-ddb5-4fa4-a97d-d965ccfc6d4b" outcome="Inconclusive" testListId="8c84fa94-04c1-424b-9868-57a2d4851a1d" relativeResultsDirectory="624aa34e-4540-4a82-bec6-afba75ed3c39">
      <Output>
        <StdOut>Given I am on the "/Account/Create/" page
-&gt; done: AccountSteps.Given_IAmOnThePage("/Account/Create/") (0,0s)
When I insert valid user information
-&gt; No matching step definition found for the step. Use the following code to create one:
    [Binding]
    public class StepDefinitions
    {
        [When(@"I insert valid user information")]
        public void WhenIInsertValidUserInformation()
        {
            ScenarioContext.Current.Pending();
        }
    }

And I click the "Register" button
-&gt; skipped because of previous errors
Then I should see the "User Management" page show up
-&gt; skipped because of previous errors</StdOut>
        <ErrorInfo>
          <Message>Assert.Inconclusive failed. No matching step definition found for one or more steps.
[Binding]
public class StepDefinitions
{
    [When(@"I insert valid user information")]
    public void WhenIInsertValidUserInformation()
    {
        ScenarioContext.Current.Pending();
    }
}
</Message>
          <StackTrace>   at lambda_method(Closure , String , Object[] )
   at TechTalk.SpecFlow.UnitTestProvider.MsTestRuntimeProvider.TestInconclusive(String message)
   at TechTalk.SpecFlow.ErrorHandling.ErrorProvider.ThrowPendingError(TestStatus testStatus, String message)
   at TechTalk.SpecFlow.TestRunner.CollectScenarioErrors()
   at CQRS.InvoiceTracker.Features.AccountManagementFeature.CreatingAnAccount() in c:\Code\github\CQRS.InvoiceTracker\CQRS.InvoiceTracker.Features\Account.feature:line 15
</StackTrace>
        </ErrorInfo>
      </Output>
    </UnitTestResult>
    <UnitTestResult executionId="eb9665a1-da8c-4f89-9709-ea1606e2f4b9" testId="6eac4922-8c19-60d4-a2d5-1b59753c34ec" testName="GoingToTheAccountPage" computerName="QUADVERTEX" duration="00:00:23.7063559" startTime="2011-05-22T23:44:09.5377345+02:00" endTime="2011-05-22T23:44:33.2440904+02:00" testType="13cdc9d9-ddb5-4fa4-a97d-d965ccfc6d4b" outcome="Aborted" testListId="8c84fa94-04c1-424b-9868-57a2d4851a1d" relativeResultsDirectory="eb9665a1-da8c-4f89-9709-ea1606e2f4b9">
    </UnitTestResult>
    <UnitTestResult executionId="8070f611-5d16-42d4-a760-cae7f73503f6" testId="c941db2b-6719-08cb-0cd3-b81804146f73" testName="LoginOnWithTheNewlyCreatedAccount" computerName="QUADVERTEX" testType="13cdc9d9-ddb5-4fa4-a97d-d965ccfc6d4b" outcome="NotExecuted" testListId="8c84fa94-04c1-424b-9868-57a2d4851a1d" relativeResultsDirectory="8070f611-5d16-42d4-a760-cae7f73503f6">
    </UnitTestResult>
    <UnitTestResult executionId="d7a27b8f-fb85-46a1-99a4-1483b17aade4" testId="fdd8b786-e79e-647b-dd2a-c50c0f1d18c4" testName="GoingToTheLogOnPage" computerName="QUADVERTEX" testType="13cdc9d9-ddb5-4fa4-a97d-d965ccfc6d4b" outcome="NotExecuted" testListId="8c84fa94-04c1-424b-9868-57a2d4851a1d" relativeResultsDirectory="d7a27b8f-fb85-46a1-99a4-1483b17aade4">
    </UnitTestResult>
  </Results>
</TestRun>